2023-07-19T13:20:55.462+02:00  INFO 14236 --- [restartedMain] c.bytecode.core.CursoSpringApplication   : Starting CursoSpringApplication using Java 17.0.7 with PID 14236 (C:\Users\mikew\Documents\Cursos\Spring Boot\CursoSpring\target\classes started by mikew in C:\Users\mikew\Documents\Cursos\Spring Boot\CursoSpring)
2023-07-19T13:20:55.463+02:00  INFO 14236 --- [restartedMain] c.bytecode.core.CursoSpringApplication   : No active profile set, falling back to 1 default profile: "default"
2023-07-19T13:20:55.622+02:00  INFO 14236 --- [restartedMain] o.s.b.w.embedded.tomcat.TomcatWebServer  : Tomcat initialized with port(s): 8080 (http)
2023-07-19T13:20:55.623+02:00  INFO 14236 --- [restartedMain] o.apache.catalina.core.StandardService   : Starting service [Tomcat]
2023-07-19T13:20:55.623+02:00  INFO 14236 --- [restartedMain] o.apache.catalina.core.StandardEngine    : Starting Servlet engine: [Apache Tomcat/10.1.10]
2023-07-19T13:20:55.635+02:00  INFO 14236 --- [restartedMain] o.a.c.c.C.[Tomcat].[localhost].[/]       : Initializing Spring embedded WebApplicationContext
2023-07-19T13:20:55.636+02:00  INFO 14236 --- [restartedMain] w.s.c.ServletWebServerApplicationContext : Root WebApplicationContext: initialization completed in 171 ms
2023-07-19T13:20:55.671+02:00  INFO 14236 --- [restartedMain] o.s.b.a.w.s.WelcomePageHandlerMapping    : Adding welcome page template: index
2023-07-19T13:20:55.696+02:00  INFO 14236 --- [restartedMain] o.s.b.d.a.OptionalLiveReloadServer       : LiveReload server is running on port 35729
2023-07-19T13:20:55.705+02:00  INFO 14236 --- [restartedMain] o.s.b.w.embedded.tomcat.TomcatWebServer  : Tomcat started on port(s): 8080 (http) with context path ''
2023-07-19T13:20:55.710+02:00  INFO 14236 --- [restartedMain] c.bytecode.core.CursoSpringApplication   : Started CursoSpringApplication in 0.271 seconds (process running for 1455.851)
2023-07-19T13:20:55.711+02:00  INFO 14236 --- [restartedMain] c.b.core.services.impl.PostServiceImpl   : Método de PostServiceImpl
2023-07-19T13:20:55.712+02:00  INFO 14236 --- [restartedMain] c.b.c.services.impl.PostServiceImplDos   : Método de PostServiceImplDos
2023-07-19T13:20:55.712+02:00 ERROR 14236 --- [restartedMain] c.CursoSpringApplication$$SpringCGLIB$$0 : java.lang.NullPointerException: La id es igual a 0
2023-07-19T13:20:55.713+02:00  INFO 14236 --- [restartedMain] .ConditionEvaluationDeltaLoggingListener : Condition evaluation unchanged
2023-07-19T13:21:50.587+02:00  INFO 14236 --- [File Watcher] rtingClassPathChangeChangedEventListener : Restarting due to 1 class path change (0 additions, 0 deletions, 1 modification)
2023-07-19T13:21:50.882+02:00  INFO 14236 --- [Thread-51] o.apache.catalina.core.StandardService   : Stopping service [Tomcat]
2023-07-19T13:21:50.951+02:00  INFO 14236 --- [restartedMain] c.bytecode.core.CursoSpringApplication   : Starting CursoSpringApplication using Java 17.0.7 with PID 14236 (C:\Users\mikew\Documents\Cursos\Spring Boot\CursoSpring\target\classes started by mikew in C:\Users\mikew\Documents\Cursos\Spring Boot\CursoSpring)
2023-07-19T13:21:50.951+02:00  INFO 14236 --- [restartedMain] c.bytecode.core.CursoSpringApplication   : No active profile set, falling back to 1 default profile: "default"
2023-07-19T13:21:51.114+02:00  INFO 14236 --- [restartedMain] o.s.b.w.embedded.tomcat.TomcatWebServer  : Tomcat initialized with port(s): 8080 (http)
2023-07-19T13:21:51.114+02:00  INFO 14236 --- [restartedMain] o.apache.catalina.core.StandardService   : Starting service [Tomcat]
2023-07-19T13:21:51.115+02:00  INFO 14236 --- [restartedMain] o.apache.catalina.core.StandardEngine    : Starting Servlet engine: [Apache Tomcat/10.1.10]
2023-07-19T13:21:51.127+02:00  INFO 14236 --- [restartedMain] o.a.c.c.C.[Tomcat].[localhost].[/]       : Initializing Spring embedded WebApplicationContext
2023-07-19T13:21:51.127+02:00  INFO 14236 --- [restartedMain] w.s.c.ServletWebServerApplicationContext : Root WebApplicationContext: initialization completed in 174 ms
2023-07-19T13:21:51.160+02:00  INFO 14236 --- [restartedMain] o.s.b.a.w.s.WelcomePageHandlerMapping    : Adding welcome page template: index
2023-07-19T13:21:51.182+02:00  INFO 14236 --- [restartedMain] o.s.b.d.a.OptionalLiveReloadServer       : LiveReload server is running on port 35729
2023-07-19T13:21:51.189+02:00  INFO 14236 --- [restartedMain] o.s.b.w.embedded.tomcat.TomcatWebServer  : Tomcat started on port(s): 8080 (http) with context path ''
2023-07-19T13:21:51.195+02:00  INFO 14236 --- [restartedMain] c.bytecode.core.CursoSpringApplication   : Started CursoSpringApplication in 0.269 seconds (process running for 1511.335)
2023-07-19T13:21:51.197+02:00  INFO 14236 --- [restartedMain] c.b.core.services.impl.PostServiceImpl   : Método de PostServiceImpl
2023-07-19T13:21:51.198+02:00  INFO 14236 --- [restartedMain] c.b.c.services.impl.PostServiceImplDos   : Método de PostServiceImplDos
2023-07-19T13:21:51.198+02:00 ERROR 14236 --- [restartedMain] c.CursoSpringApplication$$SpringCGLIB$$0 : null
2023-07-19T13:21:51.199+02:00  INFO 14236 --- [restartedMain] .ConditionEvaluationDeltaLoggingListener : Condition evaluation unchanged
2023-07-19T13:22:06.357+02:00  INFO 14236 --- [File Watcher] rtingClassPathChangeChangedEventListener : Restarting due to 1 class path change (0 additions, 0 deletions, 1 modification)
2023-07-19T13:22:06.400+02:00  INFO 14236 --- [Thread-55] o.apache.catalina.core.StandardService   : Stopping service [Tomcat]
2023-07-19T13:22:06.465+02:00  INFO 14236 --- [restartedMain] c.bytecode.core.CursoSpringApplication   : Starting CursoSpringApplication using Java 17.0.7 with PID 14236 (C:\Users\mikew\Documents\Cursos\Spring Boot\CursoSpring\target\classes started by mikew in C:\Users\mikew\Documents\Cursos\Spring Boot\CursoSpring)
2023-07-19T13:22:06.465+02:00  INFO 14236 --- [restartedMain] c.bytecode.core.CursoSpringApplication   : No active profile set, falling back to 1 default profile: "default"
2023-07-19T13:22:06.648+02:00  INFO 14236 --- [restartedMain] o.s.b.w.embedded.tomcat.TomcatWebServer  : Tomcat initialized with port(s): 8080 (http)
2023-07-19T13:22:06.649+02:00  INFO 14236 --- [restartedMain] o.apache.catalina.core.StandardService   : Starting service [Tomcat]
2023-07-19T13:22:06.649+02:00  INFO 14236 --- [restartedMain] o.apache.catalina.core.StandardEngine    : Starting Servlet engine: [Apache Tomcat/10.1.10]
2023-07-19T13:22:06.662+02:00  INFO 14236 --- [restartedMain] o.a.c.c.C.[Tomcat].[localhost].[/]       : Initializing Spring embedded WebApplicationContext
2023-07-19T13:22:06.662+02:00  INFO 14236 --- [restartedMain] w.s.c.ServletWebServerApplicationContext : Root WebApplicationContext: initialization completed in 190 ms
2023-07-19T13:22:06.693+02:00  INFO 14236 --- [restartedMain] o.s.b.a.w.s.WelcomePageHandlerMapping    : Adding welcome page template: index
2023-07-19T13:22:06.716+02:00  INFO 14236 --- [restartedMain] o.s.b.d.a.OptionalLiveReloadServer       : LiveReload server is running on port 35729
2023-07-19T13:22:06.723+02:00  INFO 14236 --- [restartedMain] o.s.b.w.embedded.tomcat.TomcatWebServer  : Tomcat started on port(s): 8080 (http) with context path ''
2023-07-19T13:22:06.735+02:00  INFO 14236 --- [restartedMain] c.bytecode.core.CursoSpringApplication   : Started CursoSpringApplication in 0.296 seconds (process running for 1526.875)
2023-07-19T13:22:06.736+02:00  INFO 14236 --- [restartedMain] c.b.core.services.impl.PostServiceImpl   : Método de PostServiceImpl
2023-07-19T13:22:06.737+02:00  INFO 14236 --- [restartedMain] c.b.c.services.impl.PostServiceImplDos   : Método de PostServiceImplDos
2023-07-19T13:22:06.737+02:00 ERROR 14236 --- [restartedMain] c.CursoSpringApplication$$SpringCGLIB$$0 : [Ljava.lang.StackTraceElement;@48f0a5ad
2023-07-19T13:22:06.737+02:00  INFO 14236 --- [restartedMain] .ConditionEvaluationDeltaLoggingListener : Condition evaluation unchanged
2023-07-19T13:22:19.876+02:00  INFO 14236 --- [File Watcher] rtingClassPathChangeChangedEventListener : Restarting due to 1 class path change (0 additions, 0 deletions, 1 modification)
2023-07-19T13:22:19.890+02:00  INFO 14236 --- [Thread-59] o.apache.catalina.core.StandardService   : Stopping service [Tomcat]
2023-07-19T13:22:19.950+02:00  INFO 14236 --- [restartedMain] c.bytecode.core.CursoSpringApplication   : Starting CursoSpringApplication using Java 17.0.7 with PID 14236 (C:\Users\mikew\Documents\Cursos\Spring Boot\CursoSpring\target\classes started by mikew in C:\Users\mikew\Documents\Cursos\Spring Boot\CursoSpring)
2023-07-19T13:22:19.951+02:00  INFO 14236 --- [restartedMain] c.bytecode.core.CursoSpringApplication   : No active profile set, falling back to 1 default profile: "default"
2023-07-19T13:22:20.204+02:00  INFO 14236 --- [restartedMain] o.s.b.w.embedded.tomcat.TomcatWebServer  : Tomcat initialized with port(s): 8080 (http)
2023-07-19T13:22:20.209+02:00  INFO 14236 --- [restartedMain] o.apache.catalina.core.StandardService   : Starting service [Tomcat]
2023-07-19T13:22:20.209+02:00  INFO 14236 --- [restartedMain] o.apache.catalina.core.StandardEngine    : Starting Servlet engine: [Apache Tomcat/10.1.10]
2023-07-19T13:22:20.221+02:00  INFO 14236 --- [restartedMain] o.a.c.c.C.[Tomcat].[localhost].[/]       : Initializing Spring embedded WebApplicationContext
2023-07-19T13:22:20.222+02:00  INFO 14236 --- [restartedMain] w.s.c.ServletWebServerApplicationContext : Root WebApplicationContext: initialization completed in 269 ms
2023-07-19T13:22:20.262+02:00  INFO 14236 --- [restartedMain] o.s.b.a.w.s.WelcomePageHandlerMapping    : Adding welcome page template: index
2023-07-19T13:22:20.286+02:00  INFO 14236 --- [restartedMain] o.s.b.d.a.OptionalLiveReloadServer       : LiveReload server is running on port 35729
2023-07-19T13:22:20.294+02:00  INFO 14236 --- [restartedMain] o.s.b.w.embedded.tomcat.TomcatWebServer  : Tomcat started on port(s): 8080 (http) with context path ''
2023-07-19T13:22:20.301+02:00  INFO 14236 --- [restartedMain] c.bytecode.core.CursoSpringApplication   : Started CursoSpringApplication in 0.374 seconds (process running for 1540.442)
2023-07-19T13:22:20.302+02:00  INFO 14236 --- [restartedMain] c.b.core.services.impl.PostServiceImpl   : Método de PostServiceImpl
2023-07-19T13:22:20.302+02:00  INFO 14236 --- [restartedMain] c.b.c.services.impl.PostServiceImplDos   : Método de PostServiceImplDos
2023-07-19T13:22:20.302+02:00 ERROR 14236 --- [restartedMain] c.CursoSpringApplication$$SpringCGLIB$$0 : java.lang.NullPointerException: La id es igual a 0
2023-07-19T13:22:20.304+02:00  INFO 14236 --- [restartedMain] .ConditionEvaluationDeltaLoggingListener : Condition evaluation unchanged
2023-07-19T13:23:04.842+02:00  INFO 14236 --- [File Watcher] rtingClassPathChangeChangedEventListener : Restarting due to 1 class path change (0 additions, 0 deletions, 1 modification)
2023-07-19T13:23:04.858+02:00  INFO 14236 --- [Thread-63] o.apache.catalina.core.StandardService   : Stopping service [Tomcat]
2023-07-19T13:23:04.914+02:00  INFO 14236 --- [restartedMain] c.bytecode.core.CursoSpringApplication   : Starting CursoSpringApplication using Java 17.0.7 with PID 14236 (C:\Users\mikew\Documents\Cursos\Spring Boot\CursoSpring\target\classes started by mikew in C:\Users\mikew\Documents\Cursos\Spring Boot\CursoSpring)
2023-07-19T13:23:04.915+02:00  INFO 14236 --- [restartedMain] c.bytecode.core.CursoSpringApplication   : No active profile set, falling back to 1 default profile: "default"
2023-07-19T13:23:05.717+02:00  INFO 14236 --- [restartedMain] o.s.b.w.embedded.tomcat.TomcatWebServer  : Tomcat initialized with port(s): 8080 (http)
2023-07-19T13:23:05.717+02:00  INFO 14236 --- [restartedMain] o.apache.catalina.core.StandardService   : Starting service [Tomcat]
2023-07-19T13:23:05.717+02:00  INFO 14236 --- [restartedMain] o.apache.catalina.core.StandardEngine    : Starting Servlet engine: [Apache Tomcat/10.1.10]
2023-07-19T13:23:05.732+02:00  INFO 14236 --- [restartedMain] o.a.c.c.C.[Tomcat].[localhost].[/]       : Initializing Spring embedded WebApplicationContext
2023-07-19T13:23:05.732+02:00  INFO 14236 --- [restartedMain] w.s.c.ServletWebServerApplicationContext : Root WebApplicationContext: initialization completed in 815 ms
2023-07-19T13:23:05.766+02:00  INFO 14236 --- [restartedMain] o.s.b.a.w.s.WelcomePageHandlerMapping    : Adding welcome page template: index
2023-07-19T13:23:05.789+02:00  INFO 14236 --- [restartedMain] o.s.b.d.a.OptionalLiveReloadServer       : LiveReload server is running on port 35729
2023-07-19T13:23:05.801+02:00  INFO 14236 --- [restartedMain] o.s.b.w.embedded.tomcat.TomcatWebServer  : Tomcat started on port(s): 8080 (http) with context path ''
2023-07-19T13:23:05.816+02:00  INFO 14236 --- [restartedMain] c.bytecode.core.CursoSpringApplication   : Started CursoSpringApplication in 0.922 seconds (process running for 1585.956)
2023-07-19T13:23:05.820+02:00  INFO 14236 --- [restartedMain] c.b.core.services.impl.PostServiceImpl   : Método de PostServiceImpl
2023-07-19T13:23:05.821+02:00  INFO 14236 --- [restartedMain] c.b.c.services.impl.PostServiceImplDos   : Método de PostServiceImplDos
2023-07-19T13:23:05.822+02:00  INFO 14236 --- [restartedMain] c.b.c.s.impl.PostServiceDecoradoImpl     : Esta es la clase decorada
2023-07-19T13:23:05.822+02:00  INFO 14236 --- [restartedMain] c.CursoSpringApplication$$SpringCGLIB$$0 : Eddie's post
2023-07-19T13:23:05.822+02:00  INFO 14236 --- [restartedMain] c.CursoSpringApplication$$SpringCGLIB$$0 : Eddie's post 2
2023-07-19T13:23:05.822+02:00  INFO 14236 --- [restartedMain] c.CursoSpringApplication$$SpringCGLIB$$0 : Eddie's post 3
2023-07-19T13:23:05.822+02:00  INFO 14236 --- [restartedMain] c.CursoSpringApplication$$SpringCGLIB$$0 : Eddie's post 4
2023-07-19T13:23:05.824+02:00  INFO 14236 --- [restartedMain] .ConditionEvaluationDeltaLoggingListener : Condition evaluation unchanged
